{"/home/admin-linux/internship/01_Interatcive_sort/dist/utils/functions.js": {"path":"/home/admin-linux/internship/01_Interatcive_sort/dist/utils/functions.js","all":false,"statementMap":{"0":{"start":{"line":1,"column":0},"end":{"line":1,"column":13}},"1":{"start":{"line":2,"column":0},"end":{"line":2,"column":62}},"2":{"start":{"line":3,"column":0},"end":{"line":3,"column":132}},"3":{"start":{"line":4,"column":0},"end":{"line":4,"column":38}},"4":{"start":{"line":5,"column":0},"end":{"line":5,"column":78}},"5":{"start":{"line":6,"column":0},"end":{"line":6,"column":24}},"6":{"start":{"line":7,"column":0},"end":{"line":7,"column":2}},"7":{"start":{"line":8,"column":0},"end":{"line":8,"column":42}},"8":{"start":{"line":9,"column":0},"end":{"line":9,"column":33}},"9":{"start":{"line":10,"column":0},"end":{"line":10,"column":88}},"10":{"start":{"line":11,"column":0},"end":{"line":11,"column":72}},"11":{"start":{"line":12,"column":0},"end":{"line":12,"column":59}},"12":{"start":{"line":13,"column":0},"end":{"line":13,"column":2}},"13":{"start":{"line":14,"column":0},"end":{"line":14,"column":32}},"14":{"start":{"line":15,"column":0},"end":{"line":15,"column":34}},"15":{"start":{"line":16,"column":0},"end":{"line":16,"column":88}},"16":{"start":{"line":17,"column":0},"end":{"line":17,"column":72}},"17":{"start":{"line":18,"column":0},"end":{"line":18,"column":59}},"18":{"start":{"line":19,"column":0},"end":{"line":19,"column":2}},"19":{"start":{"line":20,"column":0},"end":{"line":20,"column":34}},"20":{"start":{"line":21,"column":0},"end":{"line":21,"column":45}},"21":{"start":{"line":22,"column":0},"end":{"line":22,"column":78}},"22":{"start":{"line":23,"column":0},"end":{"line":23,"column":71}},"23":{"start":{"line":24,"column":0},"end":{"line":24,"column":2}},"24":{"start":{"line":25,"column":0},"end":{"line":25,"column":56}},"25":{"start":{"line":26,"column":0},"end":{"line":26,"column":35}},"26":{"start":{"line":27,"column":0},"end":{"line":27,"column":90}},"27":{"start":{"line":28,"column":0},"end":{"line":28,"column":23}},"28":{"start":{"line":29,"column":0},"end":{"line":29,"column":24}},"29":{"start":{"line":30,"column":0},"end":{"line":30,"column":66}},"30":{"start":{"line":31,"column":0},"end":{"line":31,"column":31}},"31":{"start":{"line":32,"column":0},"end":{"line":32,"column":28}},"32":{"start":{"line":33,"column":0},"end":{"line":33,"column":45}},"33":{"start":{"line":34,"column":0},"end":{"line":34,"column":9}},"34":{"start":{"line":35,"column":0},"end":{"line":35,"column":29}},"35":{"start":{"line":36,"column":0},"end":{"line":36,"column":29}},"36":{"start":{"line":37,"column":0},"end":{"line":37,"column":9}},"37":{"start":{"line":38,"column":0},"end":{"line":38,"column":5}},"38":{"start":{"line":39,"column":0},"end":{"line":39,"column":24}},"39":{"start":{"line":40,"column":0},"end":{"line":40,"column":66}},"40":{"start":{"line":41,"column":0},"end":{"line":41,"column":26}},"41":{"start":{"line":42,"column":0},"end":{"line":42,"column":28}},"42":{"start":{"line":43,"column":0},"end":{"line":43,"column":37}},"43":{"start":{"line":44,"column":0},"end":{"line":44,"column":9}},"44":{"start":{"line":45,"column":0},"end":{"line":45,"column":5}},"45":{"start":{"line":46,"column":0},"end":{"line":46,"column":22}},"46":{"start":{"line":47,"column":0},"end":{"line":47,"column":2}},"47":{"start":{"line":48,"column":0},"end":{"line":48,"column":36}}},"s":{"0":1,"1":1,"2":1,"3":1,"4":1,"5":1,"6":1,"7":1,"8":1,"9":1,"10":1,"11":1,"12":1,"13":1,"14":1,"15":1,"16":1,"17":1,"18":1,"19":1,"20":1,"21":1,"22":1,"23":1,"24":1,"25":1,"26":2,"27":2,"28":2,"29":2,"30":18,"31":18,"32":6,"33":6,"34":18,"35":12,"36":12,"37":18,"38":2,"39":2,"40":12,"41":12,"42":6,"43":6,"44":12,"45":2,"46":2,"47":1},"branchMap":{"0":{"type":"branch","line":4,"loc":{"start":{"line":4,"column":22},"end":{"line":7,"column":2}},"locations":[{"start":{"line":4,"column":22},"end":{"line":7,"column":2}}]},"1":{"type":"branch","line":5,"loc":{"start":{"line":5,"column":27},"end":{"line":5,"column":76}},"locations":[{"start":{"line":5,"column":27},"end":{"line":5,"column":76}}]},"2":{"type":"branch","line":9,"loc":{"start":{"line":9,"column":17},"end":{"line":13,"column":2}},"locations":[{"start":{"line":9,"column":17},"end":{"line":13,"column":2}}]},"3":{"type":"branch","line":10,"loc":{"start":{"line":10,"column":29},"end":{"line":10,"column":86}},"locations":[{"start":{"line":10,"column":29},"end":{"line":10,"column":86}}]},"4":{"type":"branch","line":11,"loc":{"start":{"line":11,"column":30},"end":{"line":11,"column":70}},"locations":[{"start":{"line":11,"column":30},"end":{"line":11,"column":70}}]},"5":{"type":"branch","line":12,"loc":{"start":{"line":12,"column":24},"end":{"line":12,"column":57}},"locations":[{"start":{"line":12,"column":24},"end":{"line":12,"column":57}}]},"6":{"type":"branch","line":15,"loc":{"start":{"line":15,"column":18},"end":{"line":19,"column":2}},"locations":[{"start":{"line":15,"column":18},"end":{"line":19,"column":2}}]},"7":{"type":"branch","line":16,"loc":{"start":{"line":16,"column":29},"end":{"line":16,"column":86}},"locations":[{"start":{"line":16,"column":29},"end":{"line":16,"column":86}}]},"8":{"type":"branch","line":17,"loc":{"start":{"line":17,"column":30},"end":{"line":17,"column":70}},"locations":[{"start":{"line":17,"column":30},"end":{"line":17,"column":70}}]},"9":{"type":"branch","line":18,"loc":{"start":{"line":18,"column":24},"end":{"line":18,"column":57}},"locations":[{"start":{"line":18,"column":24},"end":{"line":18,"column":57}}]},"10":{"type":"branch","line":21,"loc":{"start":{"line":21,"column":29},"end":{"line":24,"column":2}},"locations":[{"start":{"line":21,"column":29},"end":{"line":24,"column":2}}]},"11":{"type":"branch","line":22,"loc":{"start":{"line":22,"column":27},"end":{"line":22,"column":76}},"locations":[{"start":{"line":22,"column":27},"end":{"line":22,"column":76}}]},"12":{"type":"branch","line":23,"loc":{"start":{"line":23,"column":22},"end":{"line":23,"column":69}},"locations":[{"start":{"line":23,"column":22},"end":{"line":23,"column":69}}]},"13":{"type":"branch","line":26,"loc":{"start":{"line":26,"column":19},"end":{"line":47,"column":2}},"locations":[{"start":{"line":26,"column":19},"end":{"line":47,"column":2}}]},"14":{"type":"branch","line":30,"loc":{"start":{"line":30,"column":65},"end":{"line":38,"column":5}},"locations":[{"start":{"line":30,"column":65},"end":{"line":38,"column":5}}]},"15":{"type":"branch","line":32,"loc":{"start":{"line":32,"column":27},"end":{"line":34,"column":9}},"locations":[{"start":{"line":32,"column":27},"end":{"line":34,"column":9}}]},"16":{"type":"branch","line":35,"loc":{"start":{"line":35,"column":28},"end":{"line":37,"column":9}},"locations":[{"start":{"line":35,"column":28},"end":{"line":37,"column":9}}]},"17":{"type":"branch","line":40,"loc":{"start":{"line":40,"column":65},"end":{"line":45,"column":5}},"locations":[{"start":{"line":40,"column":65},"end":{"line":45,"column":5}}]},"18":{"type":"branch","line":42,"loc":{"start":{"line":42,"column":27},"end":{"line":44,"column":9}},"locations":[{"start":{"line":42,"column":27},"end":{"line":44,"column":9}}]},"19":{"type":"branch","line":27,"loc":{"start":{"line":27,"column":27},"end":{"line":27,"column":88}},"locations":[{"start":{"line":27,"column":27},"end":{"line":27,"column":88}}]},"20":{"type":"branch","line":27,"loc":{"start":{"line":27,"column":66},"end":{"line":27,"column":85}},"locations":[{"start":{"line":27,"column":66},"end":{"line":27,"column":85}}]}},"b":{"0":[1],"1":[4],"2":[1],"3":[4],"4":[4],"5":[6],"6":[1],"7":[4],"8":[4],"9":[6],"10":[1],"11":[4],"12":[6],"13":[2],"14":[18],"15":[6],"16":[12],"17":[12],"18":[6],"19":[19],"20":[13]},"fnMap":{"0":{"name":"getAlphabetSort","decl":{"start":{"line":4,"column":22},"end":{"line":7,"column":2}},"loc":{"start":{"line":4,"column":22},"end":{"line":7,"column":2}},"line":4},"1":{"name":"getASCSort","decl":{"start":{"line":9,"column":17},"end":{"line":13,"column":2}},"loc":{"start":{"line":9,"column":17},"end":{"line":13,"column":2}},"line":9},"2":{"name":"getDESCSort","decl":{"start":{"line":15,"column":18},"end":{"line":19,"column":2}},"loc":{"start":{"line":15,"column":18},"end":{"line":19,"column":2}},"line":15},"3":{"name":"getASCSortLetterNumber","decl":{"start":{"line":21,"column":29},"end":{"line":24,"column":2}},"loc":{"start":{"line":21,"column":29},"end":{"line":24,"column":2}},"line":21},"4":{"name":"getUniqueAll","decl":{"start":{"line":26,"column":19},"end":{"line":47,"column":2}},"loc":{"start":{"line":26,"column":19},"end":{"line":47,"column":2}},"line":26}},"f":{"0":1,"1":1,"2":1,"3":1,"4":2}}
}
