TN:
SF:dist/utils/functions.js
FN:4,getAlphabetSort
FN:9,getASCSort
FN:15,getDESCSort
FN:21,getASCSortLetterNumber
FN:26,getUniqueAll
FNF:5
FNH:5
FNDA:1,getAlphabetSort
FNDA:1,getASCSort
FNDA:1,getDESCSort
FNDA:1,getASCSortLetterNumber
FNDA:2,getUniqueAll
DA:1,1
DA:2,1
DA:3,1
DA:4,1
DA:5,1
DA:6,1
DA:7,1
DA:8,1
DA:9,1
DA:10,1
DA:11,1
DA:12,1
DA:13,1
DA:14,1
DA:15,1
DA:16,1
DA:17,1
DA:18,1
DA:19,1
DA:20,1
DA:21,1
DA:22,1
DA:23,1
DA:24,1
DA:25,1
DA:26,1
DA:27,2
DA:28,2
DA:29,2
DA:30,2
DA:31,18
DA:32,18
DA:33,6
DA:34,6
DA:35,18
DA:36,12
DA:37,12
DA:38,18
DA:39,2
DA:40,2
DA:41,12
DA:42,12
DA:43,6
DA:44,6
DA:45,12
DA:46,2
DA:47,2
DA:48,1
LF:48
LH:48
BRDA:4,0,0,1
BRDA:5,1,0,4
BRDA:9,2,0,1
BRDA:10,3,0,4
BRDA:11,4,0,4
BRDA:12,5,0,6
BRDA:15,6,0,1
BRDA:16,7,0,4
BRDA:17,8,0,4
BRDA:18,9,0,6
BRDA:21,10,0,1
BRDA:22,11,0,4
BRDA:23,12,0,6
BRDA:26,13,0,2
BRDA:30,14,0,18
BRDA:32,15,0,6
BRDA:35,16,0,12
BRDA:40,17,0,12
BRDA:42,18,0,6
BRDA:27,19,0,19
BRDA:27,20,0,13
BRF:21
BRH:21
end_of_record
