<?xml version="1.0" encoding="UTF-8"?>
<coverage generated="1656272413028" clover="3.2.0">
  <project timestamp="1656272413028" name="All files">
    <metrics statements="89" coveredstatements="87" conditionals="42" coveredconditionals="39" methods="12" coveredmethods="12" elements="143" coveredelements="138" complexity="0" loc="89" ncloc="89" packages="1" files="3" classes="3"/>
    <file name="cost.js" path="/home/admin-linux/Documents/Nodejs/10_Correctarium/dist/cost.js">
      <metrics statements="10" coveredstatements="10" conditionals="6" coveredconditionals="6" methods="2" coveredmethods="2"/>
      <line num="2" count="1" type="stmt"/>
      <line num="4" count="1" type="stmt"/>
      <line num="5" count="1" type="stmt"/>
      <line num="6" count="1" type="stmt"/>
      <line num="7" count="1" type="stmt"/>
      <line num="12" count="7" type="cond" truecount="2" falsecount="0"/>
      <line num="13" count="7" type="cond" truecount="2" falsecount="0"/>
      <line num="14" count="1" type="stmt"/>
      <line num="16" count="7" type="stmt"/>
      <line num="18" count="1" type="stmt"/>
    </file>
    <file name="deadline.js" path="/home/admin-linux/Documents/Nodejs/10_Correctarium/dist/deadline.js">
      <metrics statements="18" coveredstatements="18" conditionals="6" coveredconditionals="6" methods="3" coveredmethods="3"/>
      <line num="2" count="1" type="stmt"/>
      <line num="3" count="1" type="stmt"/>
      <line num="5" count="1" type="stmt"/>
      <line num="6" count="1" type="stmt"/>
      <line num="7" count="1" type="stmt"/>
      <line num="8" count="1" type="stmt"/>
      <line num="11" count="6" type="stmt"/>
      <line num="12" count="6" type="stmt"/>
      <line num="13" count="6" type="stmt"/>
      <line num="14" count="6" type="cond" truecount="2" falsecount="0"/>
      <line num="17" count="6" type="cond" truecount="2" falsecount="0"/>
      <line num="18" count="1" type="stmt"/>
      <line num="20" count="6" type="stmt"/>
      <line num="22" count="1" type="stmt"/>
      <line num="24" count="1" type="stmt"/>
      <line num="25" count="1" type="stmt"/>
      <line num="26" count="1" type="stmt"/>
      <line num="28" count="1" type="stmt"/>
    </file>
    <file name="utils.js" path="/home/admin-linux/Documents/Nodejs/10_Correctarium/dist/utils.js">
      <metrics statements="61" coveredstatements="59" conditionals="30" coveredconditionals="27" methods="7" coveredmethods="7"/>
      <line num="2" count="2" type="stmt"/>
      <line num="4" count="11" type="cond" truecount="1" falsecount="1"/>
      <line num="5" count="0" type="stmt"/>
      <line num="8" count="11" type="stmt"/>
      <line num="9" count="11" type="stmt"/>
      <line num="10" count="47" type="cond" truecount="4" falsecount="0"/>
      <line num="11" count="3" type="cond" truecount="1" falsecount="1"/>
      <line num="12" count="0" type="stmt"/>
      <line num="14" count="3" type="cond" truecount="2" falsecount="0"/>
      <line num="15" count="2" type="stmt"/>
      <line num="18" count="47" type="cond" truecount="2" falsecount="0"/>
      <line num="19" count="8" type="stmt"/>
      <line num="21" count="47" type="cond" truecount="2" falsecount="0"/>
      <line num="22" count="2" type="stmt"/>
      <line num="24" count="47" type="stmt"/>
      <line num="25" count="47" type="stmt"/>
      <line num="26" count="47" type="stmt"/>
      <line num="27" count="47" type="stmt"/>
      <line num="28" count="47" type="stmt"/>
      <line num="29" count="47" type="stmt"/>
      <line num="30" count="47" type="stmt"/>
      <line num="31" count="47" type="stmt"/>
      <line num="32" count="47" type="stmt"/>
      <line num="33" count="47" type="cond" truecount="2" falsecount="0"/>
      <line num="34" count="36" type="stmt"/>
      <line num="35" count="36" type="stmt"/>
      <line num="36" count="36" type="stmt"/>
      <line num="38" count="11" type="cond" truecount="1" falsecount="1"/>
      <line num="39" count="11" type="stmt"/>
      <line num="40" count="11" type="stmt"/>
      <line num="44" count="11" type="stmt"/>
      <line num="46" count="2" type="stmt"/>
      <line num="48" count="49" type="stmt"/>
      <line num="49" count="49" type="stmt"/>
      <line num="50" count="49" type="stmt"/>
      <line num="52" count="2" type="stmt"/>
      <line num="54" count="88" type="cond" truecount="6" falsecount="0"/>
      <line num="57" count="5" type="stmt"/>
      <line num="59" count="83" type="stmt"/>
      <line num="61" count="2" type="stmt"/>
      <line num="63" count="59" type="stmt"/>
      <line num="64" count="59" type="stmt"/>
      <line num="66" count="2" type="stmt"/>
      <line num="68" count="146" type="cond" truecount="4" falsecount="0"/>
      <line num="69" count="109" type="stmt"/>
      <line num="71" count="37" type="stmt"/>
      <line num="73" count="2" type="stmt"/>
      <line num="75" count="10" type="stmt"/>
      <line num="76" count="10" type="stmt"/>
      <line num="77" count="10" type="stmt"/>
      <line num="78" count="20" type="stmt"/>
      <line num="79" count="20" type="stmt"/>
      <line num="80" count="20" type="stmt"/>
      <line num="82" count="10" type="stmt"/>
      <line num="83" count="10" type="stmt"/>
      <line num="85" count="2" type="stmt"/>
      <line num="87" count="10" type="cond" truecount="2" falsecount="0"/>
      <line num="88" count="1" type="stmt"/>
      <line num="90" count="10" type="stmt"/>
      <line num="91" count="10" type="stmt"/>
      <line num="93" count="2" type="stmt"/>
    </file>
  </project>
</coverage>
