{"/home/admin-linux/Documents/Nodejs/10_Correctarium/dist/cost.js": {"path":"/home/admin-linux/Documents/Nodejs/10_Correctarium/dist/cost.js","statementMap":{"0":{"start":{"line":2,"column":0},"end":{"line":2,"column":62}},"1":{"start":{"line":4,"column":0},"end":{"line":8,"column":32}},"2":{"start":{"line":5,"column":4},"end":{"line":5,"column":43}},"3":{"start":{"line":6,"column":4},"end":{"line":6,"column":43}},"4":{"start":{"line":7,"column":4},"end":{"line":7,"column":43}},"5":{"start":{"line":12,"column":20},"end":{"line":12,"column":149}},"6":{"start":{"line":13,"column":4},"end":{"line":15,"column":5}},"7":{"start":{"line":14,"column":8},"end":{"line":14,"column":37}},"8":{"start":{"line":16,"column":4},"end":{"line":16,"column":21}},"9":{"start":{"line":18,"column":0},"end":{"line":18,"column":26}}},"fnMap":{"0":{"name":"(anonymous_0)","decl":{"start":{"line":4,"column":1},"end":{"line":4,"column":2}},"loc":{"start":{"line":4,"column":21},"end":{"line":8,"column":1}},"line":4},"1":{"name":"getCost","decl":{"start":{"line":11,"column":9},"end":{"line":11,"column":16}},"loc":{"start":{"line":11,"column":47},"end":{"line":17,"column":1}},"line":11}},"branchMap":{"0":{"loc":{"start":{"line":8,"column":3},"end":{"line":8,"column":30}},"type":"binary-expr","locations":[{"start":{"line":8,"column":3},"end":{"line":8,"column":11}},{"start":{"line":8,"column":16},"end":{"line":8,"column":29}}],"line":8},"1":{"loc":{"start":{"line":12,"column":20},"end":{"line":12,"column":149}},"type":"cond-expr","locations":[{"start":{"line":12,"column":88},"end":{"line":12,"column":113}},{"start":{"line":12,"column":118},"end":{"line":12,"column":148}}],"line":12},"2":{"loc":{"start":{"line":13,"column":4},"end":{"line":15,"column":5}},"type":"if","locations":[{"start":{"line":13,"column":4},"end":{"line":15,"column":5}},{"start":{},"end":{}}],"line":13}},"s":{"0":1,"1":1,"2":1,"3":1,"4":1,"5":7,"6":7,"7":1,"8":7,"9":1},"f":{"0":1,"1":7},"b":{"0":[1,1],"1":[3,4],"2":[1,6]},"_coverageSchema":"1a1c01bbd47fc00a2c39e90264f33305004495a9","hash":"f324e03efbf0b6e36a0fe4babbddb10646a7125c"}
,"/home/admin-linux/Documents/Nodejs/10_Correctarium/dist/deadline.js": {"path":"/home/admin-linux/Documents/Nodejs/10_Correctarium/dist/deadline.js","statementMap":{"0":{"start":{"line":2,"column":0},"end":{"line":2,"column":62}},"1":{"start":{"line":3,"column":32},"end":{"line":3,"column":50}},"2":{"start":{"line":5,"column":0},"end":{"line":9,"column":32}},"3":{"start":{"line":6,"column":4},"end":{"line":6,"column":43}},"4":{"start":{"line":7,"column":4},"end":{"line":7,"column":43}},"5":{"start":{"line":8,"column":4},"end":{"line":8,"column":42}},"6":{"start":{"line":11,"column":26},"end":{"line":11,"column":40}},"7":{"start":{"line":12,"column":24},"end":{"line":12,"column":38}},"8":{"start":{"line":13,"column":29},"end":{"line":13,"column":89}},"9":{"start":{"line":14,"column":23},"end":{"line":16,"column":42}},"10":{"start":{"line":17,"column":4},"end":{"line":19,"column":5}},"11":{"start":{"line":18,"column":8},"end":{"line":18,"column":43}},"12":{"start":{"line":20,"column":4},"end":{"line":20,"column":24}},"13":{"start":{"line":22,"column":0},"end":{"line":22,"column":50}},"14":{"start":{"line":24,"column":24},"end":{"line":24,"column":73}},"15":{"start":{"line":25,"column":21},"end":{"line":25,"column":64}},"16":{"start":{"line":26,"column":4},"end":{"line":26,"column":20}},"17":{"start":{"line":28,"column":0},"end":{"line":28,"column":34}}},"fnMap":{"0":{"name":"(anonymous_0)","decl":{"start":{"line":5,"column":1},"end":{"line":5,"column":2}},"loc":{"start":{"line":5,"column":21},"end":{"line":9,"column":1}},"line":5},"1":{"name":"getCalculatedTimeMs","decl":{"start":{"line":10,"column":9},"end":{"line":10,"column":28}},"loc":{"start":{"line":10,"column":59},"end":{"line":21,"column":1}},"line":10},"2":{"name":"getDeadline","decl":{"start":{"line":23,"column":9},"end":{"line":23,"column":20}},"loc":{"start":{"line":23,"column":62},"end":{"line":27,"column":1}},"line":23}},"branchMap":{"0":{"loc":{"start":{"line":9,"column":3},"end":{"line":9,"column":30}},"type":"binary-expr","locations":[{"start":{"line":9,"column":3},"end":{"line":9,"column":11}},{"start":{"line":9,"column":16},"end":{"line":9,"column":29}}],"line":9},"1":{"loc":{"start":{"line":14,"column":23},"end":{"line":16,"column":42}},"type":"cond-expr","locations":[{"start":{"line":15,"column":10},"end":{"line":15,"column":21}},{"start":{"line":16,"column":10},"end":{"line":16,"column":42}}],"line":14},"2":{"loc":{"start":{"line":17,"column":4},"end":{"line":19,"column":5}},"type":"if","locations":[{"start":{"line":17,"column":4},"end":{"line":19,"column":5}},{"start":{},"end":{}}],"line":17}},"s":{"0":1,"1":1,"2":1,"3":1,"4":1,"5":1,"6":6,"7":6,"8":6,"9":6,"10":6,"11":1,"12":6,"13":1,"14":1,"15":1,"16":1,"17":1},"f":{"0":1,"1":6,"2":1},"b":{"0":[1,1],"1":[3,3],"2":[1,5]},"_coverageSchema":"1a1c01bbd47fc00a2c39e90264f33305004495a9","hash":"0782d2889963c57ba3efefdd3900c77abb4d45d8"}
,"/home/admin-linux/Documents/Nodejs/10_Correctarium/dist/utils.js": {"path":"/home/admin-linux/Documents/Nodejs/10_Correctarium/dist/utils.js","statementMap":{"0":{"start":{"line":2,"column":0},"end":{"line":2,"column":62}},"1":{"start":{"line":4,"column":4},"end":{"line":43,"column":5}},"2":{"start":{"line":5,"column":8},"end":{"line":5,"column":25}},"3":{"start":{"line":8,"column":27},"end":{"line":8,"column":32}},"4":{"start":{"line":9,"column":8},"end":{"line":42,"column":9}},"5":{"start":{"line":10,"column":12},"end":{"line":17,"column":13}},"6":{"start":{"line":11,"column":16},"end":{"line":16,"column":17}},"7":{"start":{"line":12,"column":20},"end":{"line":12,"column":40}},"8":{"start":{"line":14,"column":21},"end":{"line":16,"column":17}},"9":{"start":{"line":15,"column":20},"end":{"line":15,"column":37}},"10":{"start":{"line":18,"column":12},"end":{"line":20,"column":13}},"11":{"start":{"line":19,"column":16},"end":{"line":19,"column":33}},"12":{"start":{"line":21,"column":12},"end":{"line":23,"column":13}},"13":{"start":{"line":22,"column":16},"end":{"line":22,"column":36}},"14":{"start":{"line":24,"column":34},"end":{"line":24,"column":51}},"15":{"start":{"line":25,"column":33},"end":{"line":25,"column":48}},"16":{"start":{"line":26,"column":30},"end":{"line":26,"column":32}},"17":{"start":{"line":27,"column":24},"end":{"line":27,"column":38}},"18":{"start":{"line":28,"column":12},"end":{"line":28,"column":31}},"19":{"start":{"line":29,"column":12},"end":{"line":29,"column":32}},"20":{"start":{"line":30,"column":12},"end":{"line":30,"column":32}},"21":{"start":{"line":31,"column":12},"end":{"line":31,"column":37}},"22":{"start":{"line":32,"column":39},"end":{"line":32,"column":53}},"23":{"start":{"line":33,"column":12},"end":{"line":41,"column":13}},"24":{"start":{"line":34,"column":16},"end":{"line":34,"column":61}},"25":{"start":{"line":35,"column":16},"end":{"line":35,"column":33}},"26":{"start":{"line":36,"column":16},"end":{"line":36,"column":36}},"27":{"start":{"line":38,"column":17},"end":{"line":41,"column":13}},"28":{"start":{"line":39,"column":16},"end":{"line":39,"column":61}},"29":{"start":{"line":40,"column":16},"end":{"line":40,"column":36}},"30":{"start":{"line":44,"column":4},"end":{"line":44,"column":16}},"31":{"start":{"line":46,"column":0},"end":{"line":46,"column":42}},"32":{"start":{"line":48,"column":4},"end":{"line":48,"column":22}},"33":{"start":{"line":49,"column":4},"end":{"line":49,"column":23}},"34":{"start":{"line":50,"column":4},"end":{"line":50,"column":16}},"35":{"start":{"line":52,"column":0},"end":{"line":52,"column":38}},"36":{"start":{"line":54,"column":4},"end":{"line":58,"column":5}},"37":{"start":{"line":57,"column":8},"end":{"line":57,"column":21}},"38":{"start":{"line":59,"column":4},"end":{"line":59,"column":16}},"39":{"start":{"line":61,"column":0},"end":{"line":61,"column":52}},"40":{"start":{"line":63,"column":4},"end":{"line":63,"column":46}},"41":{"start":{"line":64,"column":4},"end":{"line":64,"column":16}},"42":{"start":{"line":66,"column":0},"end":{"line":66,"column":32}},"43":{"start":{"line":68,"column":4},"end":{"line":70,"column":5}},"44":{"start":{"line":69,"column":8},"end":{"line":69,"column":20}},"45":{"start":{"line":71,"column":4},"end":{"line":71,"column":17}},"46":{"start":{"line":73,"column":0},"end":{"line":73,"column":50}},"47":{"start":{"line":75,"column":21},"end":{"line":75,"column":22}},"48":{"start":{"line":76,"column":18},"end":{"line":76,"column":43}},"49":{"start":{"line":77,"column":4},"end":{"line":81,"column":5}},"50":{"start":{"line":78,"column":8},"end":{"line":78,"column":24}},"51":{"start":{"line":79,"column":8},"end":{"line":79,"column":25}},"52":{"start":{"line":80,"column":8},"end":{"line":80,"column":44}},"53":{"start":{"line":82,"column":4},"end":{"line":82,"column":24}},"54":{"start":{"line":83,"column":4},"end":{"line":83,"column":16}},"55":{"start":{"line":85,"column":0},"end":{"line":85,"column":32}},"56":{"start":{"line":87,"column":4},"end":{"line":89,"column":5}},"57":{"start":{"line":88,"column":8},"end":{"line":88,"column":25}},"58":{"start":{"line":90,"column":4},"end":{"line":90,"column":40}},"59":{"start":{"line":91,"column":4},"end":{"line":91,"column":33}},"60":{"start":{"line":93,"column":0},"end":{"line":93,"column":50}}},"fnMap":{"0":{"name":"addWorkingHours","decl":{"start":{"line":3,"column":9},"end":{"line":3,"column":24}},"loc":{"start":{"line":3,"column":55},"end":{"line":45,"column":1}},"line":3},"1":{"name":"setRightHours","decl":{"start":{"line":47,"column":9},"end":{"line":47,"column":22}},"loc":{"start":{"line":47,"column":29},"end":{"line":51,"column":1}},"line":47},"2":{"name":"ifCurrentHourInRange","decl":{"start":{"line":53,"column":9},"end":{"line":53,"column":29}},"loc":{"start":{"line":53,"column":36},"end":{"line":60,"column":1}},"line":53},"3":{"name":"getNextDay","decl":{"start":{"line":62,"column":9},"end":{"line":62,"column":19}},"loc":{"start":{"line":62,"column":26},"end":{"line":65,"column":1}},"line":62},"4":{"name":"ifCurrentDayInRange","decl":{"start":{"line":67,"column":9},"end":{"line":67,"column":28}},"loc":{"start":{"line":67,"column":35},"end":{"line":72,"column":1}},"line":67},"5":{"name":"fitInRange","decl":{"start":{"line":74,"column":9},"end":{"line":74,"column":19}},"loc":{"start":{"line":74,"column":26},"end":{"line":84,"column":1}},"line":74},"6":{"name":"toCalculateDeadline","decl":{"start":{"line":86,"column":9},"end":{"line":86,"column":28}},"loc":{"start":{"line":86,"column":49},"end":{"line":92,"column":1}},"line":86}},"branchMap":{"0":{"loc":{"start":{"line":4,"column":4},"end":{"line":43,"column":5}},"type":"if","locations":[{"start":{"line":4,"column":4},"end":{"line":43,"column":5}},{"start":{"line":7,"column":9},"end":{"line":43,"column":5}}],"line":4},"1":{"loc":{"start":{"line":10,"column":12},"end":{"line":17,"column":13}},"type":"if","locations":[{"start":{"line":10,"column":12},"end":{"line":17,"column":13}},{"start":{},"end":{}}],"line":10},"2":{"loc":{"start":{"line":10,"column":16},"end":{"line":10,"column":72}},"type":"binary-expr","locations":[{"start":{"line":10,"column":16},"end":{"line":10,"column":41}},{"start":{"line":10,"column":45},"end":{"line":10,"column":72}}],"line":10},"3":{"loc":{"start":{"line":11,"column":16},"end":{"line":16,"column":17}},"type":"if","locations":[{"start":{"line":11,"column":16},"end":{"line":16,"column":17}},{"start":{"line":14,"column":21},"end":{"line":16,"column":17}}],"line":11},"4":{"loc":{"start":{"line":14,"column":21},"end":{"line":16,"column":17}},"type":"if","locations":[{"start":{"line":14,"column":21},"end":{"line":16,"column":17}},{"start":{},"end":{}}],"line":14},"5":{"loc":{"start":{"line":18,"column":12},"end":{"line":20,"column":13}},"type":"if","locations":[{"start":{"line":18,"column":12},"end":{"line":20,"column":13}},{"start":{},"end":{}}],"line":18},"6":{"loc":{"start":{"line":21,"column":12},"end":{"line":23,"column":13}},"type":"if","locations":[{"start":{"line":21,"column":12},"end":{"line":23,"column":13}},{"start":{},"end":{}}],"line":21},"7":{"loc":{"start":{"line":33,"column":12},"end":{"line":41,"column":13}},"type":"if","locations":[{"start":{"line":33,"column":12},"end":{"line":41,"column":13}},{"start":{"line":38,"column":17},"end":{"line":41,"column":13}}],"line":33},"8":{"loc":{"start":{"line":38,"column":17},"end":{"line":41,"column":13}},"type":"if","locations":[{"start":{"line":38,"column":17},"end":{"line":41,"column":13}},{"start":{},"end":{}}],"line":38},"9":{"loc":{"start":{"line":54,"column":4},"end":{"line":58,"column":5}},"type":"if","locations":[{"start":{"line":54,"column":4},"end":{"line":58,"column":5}},{"start":{},"end":{}}],"line":54},"10":{"loc":{"start":{"line":54,"column":8},"end":{"line":56,"column":57}},"type":"binary-expr","locations":[{"start":{"line":54,"column":8},"end":{"line":54,"column":28}},{"start":{"line":55,"column":8},"end":{"line":55,"column":28}},{"start":{"line":56,"column":9},"end":{"line":56,"column":31}},{"start":{"line":56,"column":35},"end":{"line":56,"column":56}}],"line":54},"11":{"loc":{"start":{"line":68,"column":4},"end":{"line":70,"column":5}},"type":"if","locations":[{"start":{"line":68,"column":4},"end":{"line":70,"column":5}},{"start":{},"end":{}}],"line":68},"12":{"loc":{"start":{"line":68,"column":8},"end":{"line":68,"column":50}},"type":"binary-expr","locations":[{"start":{"line":68,"column":8},"end":{"line":68,"column":27}},{"start":{"line":68,"column":31},"end":{"line":68,"column":50}}],"line":68},"13":{"loc":{"start":{"line":87,"column":4},"end":{"line":89,"column":5}},"type":"if","locations":[{"start":{"line":87,"column":4},"end":{"line":89,"column":5}},{"start":{},"end":{}}],"line":87}},"s":{"0":2,"1":11,"2":0,"3":11,"4":11,"5":47,"6":3,"7":0,"8":3,"9":2,"10":47,"11":8,"12":47,"13":2,"14":47,"15":47,"16":47,"17":47,"18":47,"19":47,"20":47,"21":47,"22":47,"23":47,"24":36,"25":36,"26":36,"27":11,"28":11,"29":11,"30":11,"31":2,"32":49,"33":49,"34":49,"35":2,"36":88,"37":5,"38":83,"39":2,"40":59,"41":59,"42":2,"43":146,"44":109,"45":37,"46":2,"47":10,"48":10,"49":10,"50":20,"51":20,"52":20,"53":10,"54":10,"55":2,"56":10,"57":1,"58":10,"59":10,"60":2},"f":{"0":11,"1":49,"2":88,"3":59,"4":146,"5":10,"6":10},"b":{"0":[0,11],"1":[3,44],"2":[47,40],"3":[0,3],"4":[2,1],"5":[8,39],"6":[2,45],"7":[36,11],"8":[11,0],"9":[5,83],"10":[88,86,84,1],"11":[109,37],"12":[146,136],"13":[1,9]},"_coverageSchema":"1a1c01bbd47fc00a2c39e90264f33305004495a9","hash":"334ec721be12b604e3dc12ec9215f69ecbb7082e"}
}
