TN:
SF:dist/cost.js
FN:4,(anonymous_0)
FN:11,getCost
FNF:2
FNH:2
FNDA:1,(anonymous_0)
FNDA:7,getCost
DA:2,1
DA:4,1
DA:5,1
DA:6,1
DA:7,1
DA:12,7
DA:13,7
DA:14,1
DA:16,7
DA:18,1
LF:10
LH:10
BRDA:8,0,0,1
BRDA:8,0,1,1
BRDA:12,1,0,3
BRDA:12,1,1,4
BRDA:13,2,0,1
BRDA:13,2,1,6
BRF:6
BRH:6
end_of_record
TN:
SF:dist/deadline.js
FN:5,(anonymous_0)
FN:10,getCalculatedTimeMs
FN:23,getDeadline
FNF:3
FNH:3
FNDA:1,(anonymous_0)
FNDA:6,getCalculatedTimeMs
FNDA:1,getDeadline
DA:2,1
DA:3,1
DA:5,1
DA:6,1
DA:7,1
DA:8,1
DA:11,6
DA:12,6
DA:13,6
DA:14,6
DA:17,6
DA:18,1
DA:20,6
DA:22,1
DA:24,1
DA:25,1
DA:26,1
DA:28,1
LF:18
LH:18
BRDA:9,0,0,1
BRDA:9,0,1,1
BRDA:14,1,0,3
BRDA:14,1,1,3
BRDA:17,2,0,1
BRDA:17,2,1,5
BRF:6
BRH:6
end_of_record
TN:
SF:dist/utils.js
FN:3,addWorkingHours
FN:47,setRightHours
FN:53,ifCurrentHourInRange
FN:62,getNextDay
FN:67,ifCurrentDayInRange
FN:74,fitInRange
FN:86,toCalculateDeadline
FNF:7
FNH:7
FNDA:11,addWorkingHours
FNDA:49,setRightHours
FNDA:88,ifCurrentHourInRange
FNDA:59,getNextDay
FNDA:146,ifCurrentDayInRange
FNDA:10,fitInRange
FNDA:10,toCalculateDeadline
DA:2,2
DA:4,11
DA:5,0
DA:8,11
DA:9,11
DA:10,47
DA:11,3
DA:12,0
DA:14,3
DA:15,2
DA:18,47
DA:19,8
DA:21,47
DA:22,2
DA:24,47
DA:25,47
DA:26,47
DA:27,47
DA:28,47
DA:29,47
DA:30,47
DA:31,47
DA:32,47
DA:33,47
DA:34,36
DA:35,36
DA:36,36
DA:38,11
DA:39,11
DA:40,11
DA:44,11
DA:46,2
DA:48,49
DA:49,49
DA:50,49
DA:52,2
DA:54,88
DA:57,5
DA:59,83
DA:61,2
DA:63,59
DA:64,59
DA:66,2
DA:68,146
DA:69,109
DA:71,37
DA:73,2
DA:75,10
DA:76,10
DA:77,10
DA:78,20
DA:79,20
DA:80,20
DA:82,10
DA:83,10
DA:85,2
DA:87,10
DA:88,1
DA:90,10
DA:91,10
DA:93,2
LF:61
LH:59
BRDA:4,0,0,0
BRDA:4,0,1,11
BRDA:10,1,0,3
BRDA:10,1,1,44
BRDA:10,2,0,47
BRDA:10,2,1,40
BRDA:11,3,0,0
BRDA:11,3,1,3
BRDA:14,4,0,2
BRDA:14,4,1,1
BRDA:18,5,0,8
BRDA:18,5,1,39
BRDA:21,6,0,2
BRDA:21,6,1,45
BRDA:33,7,0,36
BRDA:33,7,1,11
BRDA:38,8,0,11
BRDA:38,8,1,0
BRDA:54,9,0,5
BRDA:54,9,1,83
BRDA:54,10,0,88
BRDA:54,10,1,86
BRDA:54,10,2,84
BRDA:54,10,3,1
BRDA:68,11,0,109
BRDA:68,11,1,37
BRDA:68,12,0,146
BRDA:68,12,1,136
BRDA:87,13,0,1
BRDA:87,13,1,9
BRF:30
BRH:27
end_of_record
